
Showing logs for build [32mcb-kubecd-bdd-nh-1588647241-pr-mdxxn-1[0m stage [32mfrom-build-pack[0m and container [32mstep-credential-initializer-b57d2[0m
{"level":"info","ts":1588650352.4068801,"logger":"fallback-logger","caller":"logging/config.go:69","msg":"Fetch GitHub commit ID from kodata failed: open /var/run/ko/refs/heads/0.8.0-ns-support: no such file or directory"}
{"level":"info","ts":1588650352.4074247,"logger":"fallback-logger","caller":"creds-init/main.go:40","msg":"Credentials initialized."}

Showing logs for build [32mcb-kubecd-bdd-nh-1588647241-pr-mdxxn-1[0m stage [32mfrom-build-pack[0m and container [32mstep-working-dir-initializer-27mlc[0m
{"level":"info","ts":1588650353.2117414,"logger":"fallback-logger","caller":"logging/config.go:69","msg":"Fetch GitHub commit ID from kodata failed: open /var/run/ko/HEAD: no such file or directory"}
{"level":"info","ts":1588650353.2142923,"logger":"fallback-logger","caller":"bash/main.go:64","msg":"Successfully executed command \"sh -c mkdir -p /workspace/source\"; output "}

Showing logs for build [32mcb-kubecd-bdd-nh-1588647241-pr-mdxxn-1[0m stage [32mfrom-build-pack[0m and container [32mstep-place-tools[0m

Showing logs for build [32mcb-kubecd-bdd-nh-1588647241-pr-mdxxn-1[0m stage [32mfrom-build-pack[0m and container [32mstep-git-source-cb-kubecd-bdd-nh-1588647241-pr-mdxxn-w6qdg[0m
{"level":"info","ts":1588650360.3894491,"logger":"fallback-logger","caller":"logging/config.go:69","msg":"Fetch GitHub commit ID from kodata failed: open /var/run/ko/refs/heads/0.8.0-ns-support: no such file or directory"}
{"level":"info","ts":1588650361.5931883,"logger":"fallback-logger","caller":"git/git.go:103","msg":"Successfully cloned https://github.com/cb-kubecd/bdd-nh-1588647241.git @ master in path /workspace/source"}

Showing logs for build [32mcb-kubecd-bdd-nh-1588647241-pr-mdxxn-1[0m stage [32mfrom-build-pack[0m and container [32mstep-git-merge[0m
Using SHAs from PULL_REFS=master:5729a6e41499d0232a024efc7ea327f6d1bfad30,1:338566ef22ecb391d3de81c643ffc67115c6182c
DEBUG: LC_ALL=C JX_LOG_LEVEL=error git fetch origin --unshallow 338566ef22ecb391d3de81c643ffc67115c6182c: 5729a6e41499d0232a024efc7ea327f6d1bfad30:
DEBUG: ran git fetch --unshallow origin 338566ef22ecb391d3de81c643ffc67115c6182c: 5729a6e41499d0232a024efc7ea327f6d1bfad30: in 
DEBUG: LC_ALL=C JX_LOG_LEVEL=error git branch
DEBUG: LC_ALL=C JX_LOG_LEVEL=error git checkout master
DEBUG: ran git checkout master in 
DEBUG: JX_LOG_LEVEL=error LC_ALL=C git reset --hard 5729a6e41499d0232a024efc7ea327f6d1bfad30
DEBUG: ran git reset --hard 5729a6e41499d0232a024efc7ea327f6d1bfad30 in 
DEBUG: LC_ALL=C JX_LOG_LEVEL=error git clean -fd .
DEBUG: ran clean --force -d . in 
DEBUG: LC_ALL=C JX_LOG_LEVEL=error git merge 338566ef22ecb391d3de81c643ffc67115c6182c
DEBUG: ran git merge 338566ef22ecb391d3de81c643ffc67115c6182c in 
DEBUG: LC_ALL=C JX_LOG_LEVEL=error git log --format=%H%x1f%an%x1f%ae%x1f%cn%x1f%ce%x1f%s%n%b%x1e 5729a6e41499d0232a024efc7ea327f6d1bfad30..HEAD
Merged SHA 338566ef22ecb391d3de81c643ffc67115c6182c with commit message 'My first PR commit' into base branch master

Showing logs for build [32mcb-kubecd-bdd-nh-1588647241-pr-mdxxn-1[0m stage [32mfrom-build-pack[0m and container [32mstep-build-npmrc[0m
Command "credential" is deprecated, it will be removed on Jun 1 2020.  This is replaced by Tekton's mounted secrets
WARNING: failed to find Secret npm-token in namespace **

Showing logs for build [32mcb-kubecd-bdd-nh-1588647241-pr-mdxxn-1[0m stage [32mfrom-build-pack[0m and container [32mstep-build-npm-install[0m
npm notice created a lockfile as package-lock.json. You should commit this file.
npm WARN REPLACE_ME@1.0.0 No repository field.
npm WARN REPLACE_ME@1.0.0 No license field.

up to date in 0.422s
found 0 vulnerabilities


Showing logs for build [32mcb-kubecd-bdd-nh-1588647241-pr-mdxxn-1[0m stage [32mfrom-build-pack[0m and container [32mstep-build-npm-test[0m

> REPLACE_ME@1.0.0 test /workspace/source
> echo "no test specified" && exit 0

no test specified

Showing logs for build [32mcb-kubecd-bdd-nh-1588647241-pr-mdxxn-1[0m stage [32mfrom-build-pack[0m and container [32mstep-build-container-build[0m
[36mINFO[0m[0000] Resolved base name node:9-slim to node:9-slim 
[36mINFO[0m[0000] Using dockerignore file: /workspace/source/.dockerignore 
[36mINFO[0m[0000] Resolved base name node:9-slim to node:9-slim 
[36mINFO[0m[0000] Retrieving image manifest node:9-slim        
ERROR: logging before flag.Parse: E0505 03:46:07.257894      11 metadata.go:142] while reading 'google-dockercfg' metadata: http status code: 404 while fetching url http://metadata.google.internal./computeMetadata/v1/instance/attributes/google-dockercfg
ERROR: logging before flag.Parse: E0505 03:46:07.261244      11 metadata.go:159] while reading 'google-dockercfg-url' metadata: http status code: 404 while fetching url http://metadata.google.internal./computeMetadata/v1/instance/attributes/google-dockercfg-url
[36mINFO[0m[0001] Retrieving image manifest node:9-slim        
[36mINFO[0m[0002] Built cross stage deps: map[]                
[36mINFO[0m[0002] Retrieving image manifest node:9-slim        
[36mINFO[0m[0003] Retrieving image manifest node:9-slim        
[36mINFO[0m[0004] cmd: EXPOSE                                  
[36mINFO[0m[0004] Adding exposed port: 8080/tcp                
[36mINFO[0m[0004] Checking for cached layer gcr.io/jenkins-x-bdd3/cache:47c61bca390c3d01c9e91314090271181f76b4be942103a2f8541726f8d4cf09... 
[36mINFO[0m[0004] No cached layer found for cmd COPY . .       
[36mINFO[0m[0004] Unpacking rootfs as cmd COPY . . requires it. 
[36mINFO[0m[0009] Taking snapshot of full filesystem...        
[36mINFO[0m[0011] Resolving paths                              
[36mINFO[0m[0013] ENV PORT 8080                                
[36mINFO[0m[0013] No files changed in this command, skipping snapshotting. 
[36mINFO[0m[0013] EXPOSE 8080                                  
[36mINFO[0m[0013] cmd: EXPOSE                                  
[36mINFO[0m[0013] Adding exposed port: 8080/tcp                
[36mINFO[0m[0013] No files changed in this command, skipping snapshotting. 
[36mINFO[0m[0013] WORKDIR /usr/src/app                         
[36mINFO[0m[0013] cmd: workdir                                 
[36mINFO[0m[0013] Changed working directory to /usr/src/app    
[36mINFO[0m[0013] Creating directory /usr/src/app              
[36mINFO[0m[0013] Resolving paths                              
[36mINFO[0m[0013] Taking snapshot of files...                  
[36mINFO[0m[0013] COPY . .                                     
[36mINFO[0m[0013] Resolving paths                              
[36mINFO[0m[0013] Taking snapshot of files...                  
[36mINFO[0m[0013] Pushing layer gcr.io/jenkins-x-bdd3/cache:47c61bca390c3d01c9e91314090271181f76b4be942103a2f8541726f8d4cf09 to cache now 
[36mINFO[0m[0013] CMD ["npm", "start"]                         
[36mINFO[0m[0013] No files changed in this command, skipping snapshotting. 

Showing logs for build [32mcb-kubecd-bdd-nh-1588647241-pr-mdxxn-1[0m stage [32mfrom-build-pack[0m and container [32mstep-postbuild-post-build[0m
no CVE provider running in the current ** namespace so skip adding image to be analysed

Showing logs for build [32mcb-kubecd-bdd-nh-1588647241-pr-mdxxn-1[0m stage [32mfrom-build-pack[0m and container [32mstep-promote-make-preview[0m
sed -i -e "s/version:.*/version: 0.0.0-SNAPSHOT-PR-1-1/" Chart.yaml
sed -i -e "s/version:.*/version: 0.0.0-SNAPSHOT-PR-1-1/" ../*/Chart.yaml
sed -i -e "s|repository:.*|repository: gcr.io\/jenkins-x-bdd3\/bdd-nh-1588647241|" values.yaml
sed -i -e "s/tag:.*/tag: 0.0.0-SNAPSHOT-PR-1-1/" values.yaml
echo "  version: 0.0.0-SNAPSHOT-PR-1-1" >> requirements.yaml
** step helm build
WARNING: No $CHART_REPOSITORY defined so using the default value of: http://jenkins-x-chartmuseum:8080
Adding missing Helm repo: storage.googleapis.com https://storage.googleapis.com/chartmuseum.jenkins-x.io
WARNING: No secrets found on "helm/repos" due: reading the secret "helm/repos" from vault: no secret "helm/repos" not found in vault
Read credentials for https://storage.googleapis.com/chartmuseum.jenkins-x.io from vault helm/repos
Successfully added Helm repository storage.googleapis.com.
Adding missing Helm repo: jenkins-x-chartmuseum http://jenkins-x-chartmuseum:8080
WARNING: No secrets found on "helm/repos" due: reading the secret "helm/repos" from vault: no secret "helm/repos" not found in vault
Read credentials for http://jenkins-x-chartmuseum:8080 from vault helm/repos
Successfully added Helm repository jenkins-x-chartmuseum.
WARNING: No $CHART_REPOSITORY defined so using the default value of: http://jenkins-x-chartmuseum:8080
Adding missing Helm repo: chartmuseum.jenkins-x.io http://chartmuseum.jenkins-x.io
WARNING: No secrets found on "helm/repos" due: reading the secret "helm/repos" from vault: no secret "helm/repos" not found in vault
Read credentials for http://chartmuseum.jenkins-x.io from vault helm/repos
Successfully added Helm repository chartmuseum.jenkins-x.io.

Showing logs for build [32mcb-kubecd-bdd-nh-1588647241-pr-mdxxn-1[0m stage [32mfrom-build-pack[0m and container [32mstep-promote-jx-preview[0m
Creating a preview
Created environment cb-kubecd-bdd-nh-1588647241-pr-1
Namespace **-cb-kubecd-bdd-nh-1588647241-pr-1 created 
expose:
  Annotations:
    helm.sh/hook: post-install,post-upgrade
    helm.sh/hook-delete-policy: hook-succeeded
  config:
    domain: c**d2.bdd.jenkins-x.rocks
    exposer: Ingress
    http: "true"
preview:
  image:
    repository: gcr.io/jenkins-x-bdd3/bdd-nh-1588647241
    tag: 0.0.0-SNAPSHOT-PR-1-1

Updating PipelineActivities cb-kubecd-bdd-nh-1588647241-pr-1-1 which has status Running
WARNING: preview application http://bdd-nh-1588647241.**-cb-kubecd-bdd-nh-1588647241-pr-1.c**d2.bdd.jenkins-x.rocks not available, error was Get http://bdd-nh-1588647241.**-cb-kubecd-bdd-nh-1588647241-pr-1.c**d2.bdd.jenkins-x.rocks: dial tcp: lookup bdd-nh-1588647241.**-cb-kubecd-bdd-nh-1588647241-pr-1.c**d2.bdd.jenkins-x.rocks on 10.27.240.10:53: no such host, delaying for: 1.283034974s
WARNING: preview application http://bdd-nh-1588647241.**-cb-kubecd-bdd-nh-1588647241-pr-1.c**d2.bdd.jenkins-x.rocks not available, error was Get http://bdd-nh-1588647241.**-cb-kubecd-bdd-nh-1588647241-pr-1.c**d2.bdd.jenkins-x.rocks: dial tcp: lookup bdd-nh-1588647241.**-cb-kubecd-bdd-nh-1588647241-pr-1.c**d2.bdd.jenkins-x.rocks on 10.27.240.10:53: no such host, delaying for: 956.706092ms
WARNING: preview application http://bdd-nh-1588647241.**-cb-kubecd-bdd-nh-1588647241-pr-1.c**d2.bdd.jenkins-x.rocks not available, error was Get http://bdd-nh-1588647241.**-cb-kubecd-bdd-nh-1588647241-pr-1.c**d2.bdd.jenkins-x.rocks: dial tcp: lookup bdd-nh-1588647241.**-cb-kubecd-bdd-nh-1588647241-pr-1.c**d2.bdd.jenkins-x.rocks on 10.27.240.10:53: no such host, delaying for: 1.345569468s
WARNING: preview application http://bdd-nh-1588647241.**-cb-kubecd-bdd-nh-1588647241-pr-1.c**d2.bdd.jenkins-x.rocks not available, error was Get http://bdd-nh-1588647241.**-cb-kubecd-bdd-nh-1588647241-pr-1.c**d2.bdd.jenkins-x.rocks: dial tcp: lookup bdd-nh-1588647241.**-cb-kubecd-bdd-nh-1588647241-pr-1.c**d2.bdd.jenkins-x.rocks on 10.27.240.10:53: no such host, delaying for: 4.050971572s
WARNING: preview application http://bdd-nh-1588647241.**-cb-kubecd-bdd-nh-1588647241-pr-1.c**d2.bdd.jenkins-x.rocks not available, error was Get http://bdd-nh-1588647241.**-cb-kubecd-bdd-nh-1588647241-pr-1.c**d2.bdd.jenkins-x.rocks: dial tcp: lookup bdd-nh-1588647241.**-cb-kubecd-bdd-nh-1588647241-pr-1.c**d2.bdd.jenkins-x.rocks on 10.27.240.10:53: no such host, delaying for: 2.640264778s
WARNING: preview application http://bdd-nh-1588647241.**-cb-kubecd-bdd-nh-1588647241-pr-1.c**d2.bdd.jenkins-x.rocks not available, error was Get http://bdd-nh-1588647241.**-cb-kubecd-bdd-nh-1588647241-pr-1.c**d2.bdd.jenkins-x.rocks: dial tcp: lookup bdd-nh-1588647241.**-cb-kubecd-bdd-nh-1588647241-pr-1.c**d2.bdd.jenkins-x.rocks on 10.27.240.10:53: no such host, delaying for: 7.589083593s
WARNING: preview application http://bdd-nh-1588647241.**-cb-kubecd-bdd-nh-1588647241-pr-1.c**d2.bdd.jenkins-x.rocks not available, error was Get http://bdd-nh-1588647241.**-cb-kubecd-bdd-nh-1588647241-pr-1.c**d2.bdd.jenkins-x.rocks: dial tcp: lookup bdd-nh-1588647241.**-cb-kubecd-bdd-nh-1588647241-pr-1.c**d2.bdd.jenkins-x.rocks on 10.27.240.10:53: no such host, delaying for: 6.520544564s
WARNING: preview application http://bdd-nh-1588647241.**-cb-kubecd-bdd-nh-1588647241-pr-1.c**d2.bdd.jenkins-x.rocks not available, error was Get http://bdd-nh-1588647241.**-cb-kubecd-bdd-nh-1588647241-pr-1.c**d2.bdd.jenkins-x.rocks: dial tcp: lookup bdd-nh-1588647241.**-cb-kubecd-bdd-nh-1588647241-pr-1.c**d2.bdd.jenkins-x.rocks on 10.27.240.10:53: no such host, delaying for: 10.199180659s
WARNING: preview application http://bdd-nh-1588647241.**-cb-kubecd-bdd-nh-1588647241-pr-1.c**d2.bdd.jenkins-x.rocks not available, error was Get http://bdd-nh-1588647241.**-cb-kubecd-bdd-nh-1588647241-pr-1.c**d2.bdd.jenkins-x.rocks: dial tcp: lookup bdd-nh-1588647241.**-cb-kubecd-bdd-nh-1588647241-pr-1.c**d2.bdd.jenkins-x.rocks on 10.27.240.10:53: no such host, delaying for: 37.600023335s
WARNING: preview application http://bdd-nh-1588647241.**-cb-kubecd-bdd-nh-1588647241-pr-1.c**d2.bdd.jenkins-x.rocks not available, error was Get http://bdd-nh-1588647241.**-cb-kubecd-bdd-nh-1588647241-pr-1.c**d2.bdd.jenkins-x.rocks: dial tcp: lookup bdd-nh-1588647241.**-cb-kubecd-bdd-nh-1588647241-pr-1.c**d2.bdd.jenkins-x.rocks on 10.27.240.10:53: no such host, delaying for: 35.856053632s
WARNING: preview application http://bdd-nh-1588647241.**-cb-kubecd-bdd-nh-1588647241-pr-1.c**d2.bdd.jenkins-x.rocks not available, error was Get http://bdd-nh-1588647241.**-cb-kubecd-bdd-nh-1588647241-pr-1.c**d2.bdd.jenkins-x.rocks: dial tcp: lookup bdd-nh-1588647241.**-cb-kubecd-bdd-nh-1588647241-pr-1.c**d2.bdd.jenkins-x.rocks on 10.27.240.10:53: no such host, delaying for: 29.275456602s
WARNING: preview application http://bdd-nh-1588647241.**-cb-kubecd-bdd-nh-1588647241-pr-1.c**d2.bdd.jenkins-x.rocks not available, error was Get http://bdd-nh-1588647241.**-cb-kubecd-bdd-nh-1588647241-pr-1.c**d2.bdd.jenkins-x.rocks: dial tcp: lookup bdd-nh-1588647241.**-cb-kubecd-bdd-nh-1588647241-pr-1.c**d2.bdd.jenkins-x.rocks on 10.27.240.10:53: no such host, delaying for: 1m4.701075416s
Preview application is now available at: http://bdd-nh-1588647241.**-cb-kubecd-bdd-nh-1588647241-pr-1.c**d2.bdd.jenkins-x.rocks
